<?xml version="1.0" encoding="utf-8"?><testsuites name="pytest tests"><testsuite name="pytest" errors="0" failures="0" skipped="0" tests="6" time="3.981" timestamp="2026-08-28T02:12:26.195637+00:00" hostname="agent-env-2c0b123f-8a4d-4c25-858b-0e21c463fdf3"><testcase classname="tests.test_food_search" name="test_search_relevance_and_fields[butter chicken]" time="1.001" /><testcase classname="tests.test_food_search" name="test_search_relevance_and_fields[chicken breast]" time="0.631" /><testcase classname="tests.test_food_search" name="test_search_relevance_and_fields[yogurt]" time="0.633" /><testcase classname="tests.test_food_search" name="test_search_relevance_and_fields[apple]" time="0.668" /><testcase classname="tests.test_food_search" name="test_search_short_query_returns_empty" time="0.123" /><testcase classname="tests.test_food_search" name="test_search_country_param_accepted" time="0.621" /></testsuite></testsuites>