<?xml version="1.0" encoding="utf-8"?><testsuites name="pytest tests"><testsuite name="pytest" errors="0" failures="0" skipped="0" tests="15" time="25.159" timestamp="2026-08-28T03:00:49.072601+00:00" hostname="agent-env-2c0b123f-8a4d-4c25-858b-0e21c463fdf3"><testcase classname="tests.test_new_features.TestRegressionCore" name="test_me" time="0.319" /><testcase classname="tests.test_new_features.TestRegressionCore" name="test_summary" time="0.084" /><testcase classname="tests.test_new_features.TestBarcodeLookup" name="test_known_barcode[3017620422003]" time="0.897" /><testcase classname="tests.test_new_features.TestRegressionCore" name="test_food_search_basic" time="0.682" /><testcase classname="tests.test_new_features.TestBarcodeLookup" name="test_known_barcode[5449000000996]" time="0.435" /><testcase classname="tests.test_new_features.TestRegressionCore" name="test_logs_food_create_and_get" time="0.128" /><testcase classname="tests.test_new_features.TestRegressionCore" name="test_logs_workout" time="0.082" /><testcase classname="tests.test_new_features.TestRecipes" name="test_create_list_relog_delete_recipe" time="0.324" /><testcase classname="tests.test_new_features.TestBarcodeLookup" name="test_invalid_barcode" time="0.426" /><testcase classname="tests.test_new_features.TestWeeklyRecap" name="test_weekly_recap_shape" time="0.043" /><testcase classname="tests.test_new_features.TestObjectStorageUpload" name="test_upload_photo_and_fetch" time="0.522" /><testcase classname="tests.test_new_features.TestSavedFoodsAndSearchIntegration" name="test_create_and_list_saved_food" time="0.150" /><testcase classname="tests.test_new_features.TestSavedFoodsAndSearchIntegration" name="test_saved_food_appears_first_in_search" time="0.813" /><testcase classname="tests.test_new_features.TestAIPhotoFood" name="test_ai_photo_food" time="18.728" /><testcase classname="tests.test_new_features.TestAIPhotoLabel" name="test_ai_photo_label" time="3.922" /></testsuite></testsuites>