<?xml version="1.0" encoding="utf-8"?><testsuites name="pytest tests"><testsuite name="pytest" errors="0" failures="0" skipped="1" tests="11" time="19.866" timestamp="2026-08-28T01:25:05.030182+00:00" hostname="agent-env-2c0b123f-8a4d-4c25-858b-0e21c463fdf3"><testcase classname="tests.backend_test" name="test_root" time="0.223" /><testcase classname="tests.backend_test" name="test_me_requires_header" time="0.142" /><testcase classname="tests.backend_test" name="test_onboarding_mifflin" time="0.512" /><testcase classname="tests.backend_test" name="test_food_search_yogurt" time="0.746" /><testcase classname="tests.backend_test" name="test_food_log_crud" time="0.717" /><testcase classname="tests.backend_test" name="test_weight_log" time="0.287" /><testcase classname="tests.backend_test" name="test_workout_log" time="0.317" /><testcase classname="tests.backend_test" name="test_summary_by_meal" time="0.411" /><testcase classname="tests.backend_test" name="test_adaptive_tdee_no_data" time="0.227" /><testcase classname="tests.backend_test" name="test_buddy_chat_sse" time="15.410" /><testcase classname="tests.backend_test" name="test_photo_food" time="0.522"><skipped type="pytest.skip" message="test image too small">/app/backend/tests/backend_test.py:189: test image too small</skipped></testcase></testsuite></testsuites>