<?xml version="1.0" encoding="utf-8"?><testsuites name="pytest tests"><testsuite name="pytest" errors="0" failures="0" skipped="0" tests="9" time="3.239" timestamp="2026-08-28T01:52:40.194614+00:00" hostname="agent-env-2c0b123f-8a4d-4c25-858b-0e21c463fdf3"><testcase classname="tests.test_diet_personalization.TestRegression" name="test_summary_unaffected" time="0.675" /><testcase classname="tests.test_diet_personalization.TestOnboardingDietComputation" name="test_hindu_beef_off_avoided_and_protein" time="0.526" /><testcase classname="tests.test_diet_personalization.TestOnboardingDietComputation" name="test_vegan_all_animal_off" time="0.263" /><testcase classname="tests.test_diet_personalization.TestRegression" name="test_me_unaffected" time="0.401" /><testcase classname="tests.test_diet_personalization.TestOnboardingDietComputation" name="test_missing_diet_flags_defaults_empty" time="0.229" /><testcase classname="tests.test_diet_personalization.TestFoodSearchFiltering" name="test_beef_restricted_user_excludes_beef_items" time="1.111" /><testcase classname="tests.test_diet_personalization.TestRegression" name="test_food_log_unaffected" time="0.490" /><testcase classname="tests.test_diet_personalization.TestPatchProfileRecompute" name="test_patch_diet_flags_recomputes_avoided_and_protein" time="0.507" /><testcase classname="tests.test_diet_personalization.TestFoodSearchFiltering" name="test_unrestricted_search_rice_normal" time="0.806" /></testsuite></testsuites>