<?xml version="1.0" encoding="utf-8"?><testsuites name="pytest tests"><testsuite name="pytest" errors="0" failures="0" skipped="0" tests="20" time="13.137" timestamp="2026-08-28T02:12:34.422291+00:00" hostname="agent-env-2c0b123f-8a4d-4c25-858b-0e21c463fdf3"><testcase classname="tests.test_diet_personalization.TestOnboardingDietComputation" name="test_hindu_beef_off_avoided_and_protein" time="0.443" /><testcase classname="tests.backend_test" name="test_root" time="0.147" /><testcase classname="tests.backend_test" name="test_me_requires_header" time="0.423" /><testcase classname="tests.test_diet_personalization.TestOnboardingDietComputation" name="test_vegan_all_animal_off" time="0.284" /><testcase classname="tests.test_diet_personalization.TestOnboardingDietComputation" name="test_missing_diet_flags_defaults_empty" time="0.254" /><testcase classname="tests.backend_test" name="test_onboarding_mifflin" time="0.486" /><testcase classname="tests.test_diet_personalization.TestRegression" name="test_summary_unaffected" time="0.362" /><testcase classname="tests.backend_test" name="test_food_search_yogurt" time="0.568" /><testcase classname="tests.test_diet_personalization.TestRegression" name="test_me_unaffected" time="0.937" /><testcase classname="tests.backend_test" name="test_food_log_crud" time="1.151" /><testcase classname="tests.test_diet_personalization.TestRegression" name="test_food_log_unaffected" time="0.332" /><testcase classname="tests.test_diet_personalization.TestFoodSearchFiltering" name="test_beef_restricted_user_excludes_beef_items" time="1.387" /><testcase classname="tests.backend_test" name="test_weight_log" time="0.263" /><testcase classname="tests.backend_test" name="test_workout_log" time="0.230" /><testcase classname="tests.backend_test" name="test_summary_by_meal" time="0.716" /><testcase classname="tests.backend_test" name="test_adaptive_tdee_no_data" time="0.243" /><testcase classname="tests.test_diet_personalization.TestFoodSearchFiltering" name="test_unrestricted_search_rice_normal" time="0.913" /><testcase classname="tests.backend_test" name="test_buddy_chat_sse" time="1.672" /><testcase classname="tests.test_diet_personalization.TestPatchProfileRecompute" name="test_patch_diet_flags_recomputes_avoided_and_protein" time="0.645" /><testcase classname="tests.backend_test" name="test_photo_food" time="6.881" /></testsuite></testsuites>